{"D:\\ExpressJsRestTemplate-main\\Expressjsresttemplate\\app.js": {"path":"D:\\ExpressJsRestTemplate-main\\Expressjsresttemplate\\app.js","statementMap":{"0":{"start":{"line":1,"column":16},"end":{"line":1,"column":34}},"1":{"start":{"line":2,"column":13},"end":{"line":2,"column":28}},"2":{"start":{"line":3,"column":0},"end":{"line":3,"column":27}},"3":{"start":{"line":5,"column":24},"end":{"line":5,"column":60}},"4":{"start":{"line":6,"column":22},"end":{"line":6,"column":60}},"5":{"start":{"line":7,"column":25},"end":{"line":7,"column":65}},"6":{"start":{"line":8,"column":24},"end":{"line":8,"column":63}},"7":{"start":{"line":10,"column":23},"end":{"line":10,"column":48}},"8":{"start":{"line":12,"column":12},"end":{"line":12,"column":21}},"9":{"start":{"line":14,"column":0},"end":{"line":14,"column":35}},"10":{"start":{"line":16,"column":0},"end":{"line":16,"column":16}},"11":{"start":{"line":17,"column":0},"end":{"line":17,"column":24}},"12":{"start":{"line":18,"column":0},"end":{"line":18,"column":48}},"13":{"start":{"line":20,"column":0},"end":{"line":20,"column":43}},"14":{"start":{"line":21,"column":0},"end":{"line":21,"column":42}},"15":{"start":{"line":23,"column":0},"end":{"line":23,"column":41}},"16":{"start":{"line":25,"column":0},"end":{"line":34,"column":3}},"17":{"start":{"line":26,"column":2},"end":{"line":33,"column":5}},"18":{"start":{"line":37,"column":0},"end":{"line":40,"column":3}},"19":{"start":{"line":38,"column":2},"end":{"line":38,"column":39}},"20":{"start":{"line":39,"column":2},"end":{"line":39,"column":77}},"21":{"start":{"line":43,"column":0},"end":{"line":45,"column":3}},"22":{"start":{"line":44,"column":2},"end":{"line":44,"column":71}},"23":{"start":{"line":47,"column":0},"end":{"line":47,"column":21}}},"fnMap":{"0":{"name":"(anonymous_0)","decl":{"start":{"line":25,"column":13},"end":{"line":25,"column":14}},"loc":{"start":{"line":25,"column":28},"end":{"line":34,"column":1}},"line":25},"1":{"name":"(anonymous_1)","decl":{"start":{"line":37,"column":8},"end":{"line":37,"column":9}},"loc":{"start":{"line":37,"column":35},"end":{"line":40,"column":1}},"line":37},"2":{"name":"(anonymous_2)","decl":{"start":{"line":43,"column":8},"end":{"line":43,"column":9}},"loc":{"start":{"line":43,"column":23},"end":{"line":45,"column":1}},"line":43}},"branchMap":{},"s":{"0":1,"1":1,"2":1,"3":1,"4":1,"5":1,"6":1,"7":1,"8":1,"9":1,"10":1,"11":1,"12":1,"13":1,"14":1,"15":1,"16":1,"17":0,"18":1,"19":0,"20":0,"21":1,"22":0,"23":1},"f":{"0":0,"1":0,"2":0},"b":{},"_coverageSchema":"1a1c01bbd47fc00a2c39e90264f33305004495a9","hash":"c3e6e222ba97bf838d3aef5214c4f446d66e98bb"}
,"D:\\ExpressJsRestTemplate-main\\Expressjsresttemplate\\controllers\\teachersController.js": {"path":"D:\\ExpressJsRestTemplate-main\\Expressjsresttemplate\\controllers\\teachersController.js","statementMap":{"0":{"start":{"line":2,"column":11},"end":{"line":2,"column":40}},"1":{"start":{"line":4,"column":0},"end":{"line":9,"column":2}},"2":{"start":{"line":5,"column":2},"end":{"line":8,"column":30}},"3":{"start":{"line":6,"column":19},"end":{"line":6,"column":59}},"4":{"start":{"line":7,"column":4},"end":{"line":7,"column":64}},"5":{"start":{"line":8,"column":18},"end":{"line":8,"column":28}},"6":{"start":{"line":11,"column":0},"end":{"line":17,"column":2}},"7":{"start":{"line":12,"column":2},"end":{"line":16,"column":30}},"8":{"start":{"line":13,"column":19},"end":{"line":13,"column":97}},"9":{"start":{"line":14,"column":4},"end":{"line":14,"column":105}},"10":{"start":{"line":14,"column":27},"end":{"line":14,"column":105}},"11":{"start":{"line":15,"column":4},"end":{"line":15,"column":47}},"12":{"start":{"line":16,"column":18},"end":{"line":16,"column":28}},"13":{"start":{"line":19,"column":0},"end":{"line":31,"column":2}},"14":{"start":{"line":20,"column":2},"end":{"line":30,"column":30}},"15":{"start":{"line":21,"column":66},"end":{"line":21,"column":74}},"16":{"start":{"line":22,"column":4},"end":{"line":24,"column":5}},"17":{"start":{"line":23,"column":6},"end":{"line":23,"column":104}},"18":{"start":{"line":25,"column":21},"end":{"line":28,"column":5}},"19":{"start":{"line":29,"column":4},"end":{"line":29,"column":96}},"20":{"start":{"line":30,"column":18},"end":{"line":30,"column":28}},"21":{"start":{"line":33,"column":0},"end":{"line":39,"column":2}},"22":{"start":{"line":34,"column":2},"end":{"line":38,"column":30}},"23":{"start":{"line":35,"column":21},"end":{"line":35,"column":97}},"24":{"start":{"line":36,"column":4},"end":{"line":36,"column":113}},"25":{"start":{"line":36,"column":35},"end":{"line":36,"column":113}},"26":{"start":{"line":37,"column":4},"end":{"line":37,"column":73}},"27":{"start":{"line":38,"column":18},"end":{"line":38,"column":28}}},"fnMap":{"0":{"name":"(anonymous_0)","decl":{"start":{"line":4,"column":25},"end":{"line":4,"column":26}},"loc":{"start":{"line":4,"column":51},"end":{"line":9,"column":1}},"line":4},"1":{"name":"(anonymous_1)","decl":{"start":{"line":11,"column":25},"end":{"line":11,"column":26}},"loc":{"start":{"line":11,"column":51},"end":{"line":17,"column":1}},"line":11},"2":{"name":"(anonymous_2)","decl":{"start":{"line":19,"column":24},"end":{"line":19,"column":25}},"loc":{"start":{"line":19,"column":50},"end":{"line":31,"column":1}},"line":19},"3":{"name":"(anonymous_3)","decl":{"start":{"line":33,"column":24},"end":{"line":33,"column":25}},"loc":{"start":{"line":33,"column":50},"end":{"line":39,"column":1}},"line":33}},"branchMap":{"0":{"loc":{"start":{"line":14,"column":4},"end":{"line":14,"column":105}},"type":"if","locations":[{"start":{"line":14,"column":4},"end":{"line":14,"column":105}},{"start":{},"end":{}}],"line":14},"1":{"loc":{"start":{"line":22,"column":4},"end":{"line":24,"column":5}},"type":"if","locations":[{"start":{"line":22,"column":4},"end":{"line":24,"column":5}},{"start":{},"end":{}}],"line":22},"2":{"loc":{"start":{"line":22,"column":8},"end":{"line":22,"column":33}},"type":"binary-expr","locations":[{"start":{"line":22,"column":8},"end":{"line":22,"column":18}},{"start":{"line":22,"column":22},"end":{"line":22,"column":33}}],"line":22},"3":{"loc":{"start":{"line":36,"column":4},"end":{"line":36,"column":113}},"type":"if","locations":[{"start":{"line":36,"column":4},"end":{"line":36,"column":113}},{"start":{},"end":{}}],"line":36}},"s":{"0":1,"1":1,"2":1,"3":1,"4":1,"5":0,"6":1,"7":0,"8":0,"9":0,"10":0,"11":0,"12":0,"13":1,"14":1,"15":1,"16":1,"17":0,"18":1,"19":1,"20":0,"21":1,"22":1,"23":1,"24":1,"25":0,"26":1,"27":0},"f":{"0":1,"1":0,"2":1,"3":1},"b":{"0":[0,0],"1":[0,1],"2":[1,1],"3":[0,1]},"_coverageSchema":"1a1c01bbd47fc00a2c39e90264f33305004495a9","hash":"66e89985137a03a1cba560985a20fe4c89b9e7ec"}
,"D:\\ExpressJsRestTemplate-main\\Expressjsresttemplate\\middleware\\eventEmitter.js": {"path":"D:\\ExpressJsRestTemplate-main\\Expressjsresttemplate\\middleware\\eventEmitter.js","statementMap":{"0":{"start":{"line":2,"column":21},"end":{"line":2,"column":38}},"1":{"start":{"line":6,"column":4},"end":{"line":6,"column":12}},"2":{"start":{"line":7,"column":4},"end":{"line":7,"column":29}},"3":{"start":{"line":11,"column":0},"end":{"line":11,"column":39}}},"fnMap":{"0":{"name":"(anonymous_0)","decl":{"start":{"line":5,"column":2},"end":{"line":5,"column":3}},"loc":{"start":{"line":5,"column":16},"end":{"line":8,"column":3}},"line":5}},"branchMap":{},"s":{"0":1,"1":1,"2":1,"3":1},"f":{"0":1},"b":{},"_coverageSchema":"1a1c01bbd47fc00a2c39e90264f33305004495a9","hash":"bbbc796c3f0f59e367409c1b7d9dd9065218bd0f"}
,"D:\\ExpressJsRestTemplate-main\\Expressjsresttemplate\\middleware\\statsMiddleware.js": {"path":"D:\\ExpressJsRestTemplate-main\\Expressjsresttemplate\\middleware\\statsMiddleware.js","statementMap":{"0":{"start":{"line":2,"column":18},"end":{"line":2,"column":48}},"1":{"start":{"line":4,"column":18},"end":{"line":5,"column":68}},"2":{"start":{"line":5,"column":2},"end":{"line":5,"column":68}},"3":{"start":{"line":5,"column":22},"end":{"line":5,"column":51}},"4":{"start":{"line":7,"column":17},"end":{"line":13,"column":1}},"5":{"start":{"line":8,"column":2},"end":{"line":8,"column":50}},"6":{"start":{"line":8,"column":39},"end":{"line":8,"column":50}},"7":{"start":{"line":9,"column":2},"end":{"line":12,"column":9}},"8":{"start":{"line":10,"column":4},"end":{"line":10,"column":69}},"9":{"start":{"line":11,"column":4},"end":{"line":11,"column":15}},"10":{"start":{"line":15,"column":0},"end":{"line":29,"column":2}},"11":{"start":{"line":15,"column":35},"end":{"line":29,"column":1}},"12":{"start":{"line":16,"column":2},"end":{"line":27,"column":5}},"13":{"start":{"line":17,"column":18},"end":{"line":25,"column":5}},"14":{"start":{"line":26,"column":4},"end":{"line":26,"column":48}},"15":{"start":{"line":28,"column":2},"end":{"line":28,"column":9}}},"fnMap":{"0":{"name":"(anonymous_0)","decl":{"start":{"line":4,"column":18},"end":{"line":4,"column":19}},"loc":{"start":{"line":5,"column":2},"end":{"line":5,"column":68}},"line":5},"1":{"name":"(anonymous_1)","decl":{"start":{"line":5,"column":17},"end":{"line":5,"column":18}},"loc":{"start":{"line":5,"column":22},"end":{"line":5,"column":51}},"line":5},"2":{"name":"(anonymous_2)","decl":{"start":{"line":7,"column":17},"end":{"line":7,"column":18}},"loc":{"start":{"line":7,"column":26},"end":{"line":13,"column":1}},"line":7},"3":{"name":"(anonymous_3)","decl":{"start":{"line":9,"column":36},"end":{"line":9,"column":37}},"loc":{"start":{"line":9,"column":53},"end":{"line":12,"column":3}},"line":9},"4":{"name":"(anonymous_4)","decl":{"start":{"line":15,"column":17},"end":{"line":15,"column":18}},"loc":{"start":{"line":15,"column":35},"end":{"line":29,"column":1}},"line":15},"5":{"name":"(anonymous_5)","decl":{"start":{"line":15,"column":35},"end":{"line":15,"column":36}},"loc":{"start":{"line":15,"column":55},"end":{"line":29,"column":1}},"line":15},"6":{"name":"(anonymous_6)","decl":{"start":{"line":16,"column":19},"end":{"line":16,"column":20}},"loc":{"start":{"line":16,"column":25},"end":{"line":27,"column":3}},"line":16}},"branchMap":{"0":{"loc":{"start":{"line":5,"column":2},"end":{"line":5,"column":68}},"type":"cond-expr","locations":[{"start":{"line":5,"column":55},"end":{"line":5,"column":60}},{"start":{"line":5,"column":63},"end":{"line":5,"column":68}}],"line":5},"1":{"loc":{"start":{"line":8,"column":2},"end":{"line":8,"column":50}},"type":"if","locations":[{"start":{"line":8,"column":2},"end":{"line":8,"column":50}},{"start":{},"end":{}}],"line":8},"2":{"loc":{"start":{"line":8,"column":6},"end":{"line":8,"column":37}},"type":"binary-expr","locations":[{"start":{"line":8,"column":6},"end":{"line":8,"column":10}},{"start":{"line":8,"column":14},"end":{"line":8,"column":37}}],"line":8},"3":{"loc":{"start":{"line":10,"column":13},"end":{"line":10,"column":68}},"type":"cond-expr","locations":[{"start":{"line":10,"column":39},"end":{"line":10,"column":50}},{"start":{"line":10,"column":53},"end":{"line":10,"column":68}}],"line":10},"4":{"loc":{"start":{"line":22,"column":17},"end":{"line":22,"column":51}},"type":"binary-expr","locations":[{"start":{"line":22,"column":17},"end":{"line":22,"column":38}},{"start":{"line":22,"column":42},"end":{"line":22,"column":51}}],"line":22},"5":{"loc":{"start":{"line":23,"column":10},"end":{"line":23,"column":48}},"type":"binary-expr","locations":[{"start":{"line":23,"column":10},"end":{"line":23,"column":16}},{"start":{"line":23,"column":20},"end":{"line":23,"column":48}}],"line":23}},"s":{"0":1,"1":1,"2":1,"3":3,"4":1,"5":6,"6":0,"7":6,"8":1,"9":1,"10":1,"11":1,"12":3,"13":3,"14":3,"15":3},"f":{"0":1,"1":3,"2":6,"3":1,"4":1,"5":3,"6":3},"b":{"0":[0,1],"1":[0,6],"2":[6,6],"3":[0,1],"4":[3,3],"5":[3,0]},"_coverageSchema":"1a1c01bbd47fc00a2c39e90264f33305004495a9","hash":"9d2c80f7a40c7d4f5b731e29468654f852944070"}
,"D:\\ExpressJsRestTemplate-main\\Expressjsresttemplate\\middleware\\timingMiddleware.js": {"path":"D:\\ExpressJsRestTemplate-main\\Expressjsresttemplate\\middleware\\timingMiddleware.js","statementMap":{"0":{"start":{"line":2,"column":21},"end":{"line":2,"column":30}},"1":{"start":{"line":3,"column":18},"end":{"line":3,"column":27}},"2":{"start":{"line":4,"column":21},"end":{"line":4,"column":24}},"3":{"start":{"line":6,"column":0},"end":{"line":49,"column":2}},"4":{"start":{"line":6,"column":35},"end":{"line":49,"column":1}},"5":{"start":{"line":7,"column":16},"end":{"line":7,"column":39}},"6":{"start":{"line":8,"column":13},"end":{"line":8,"column":51}},"7":{"start":{"line":9,"column":14},"end":{"line":9,"column":24}},"8":{"start":{"line":12,"column":21},"end":{"line":12,"column":47}},"9":{"start":{"line":13,"column":2},"end":{"line":13,"column":63}},"10":{"start":{"line":13,"column":42},"end":{"line":13,"column":61}},"11":{"start":{"line":15,"column":2},"end":{"line":21,"column":3}},"12":{"start":{"line":16,"column":4},"end":{"line":20,"column":7}},"13":{"start":{"line":23,"column":2},"end":{"line":23,"column":25}},"14":{"start":{"line":24,"column":2},"end":{"line":24,"column":37}},"15":{"start":{"line":26,"column":22},"end":{"line":26,"column":39}},"16":{"start":{"line":27,"column":2},"end":{"line":46,"column":4}},"17":{"start":{"line":29,"column":4},"end":{"line":44,"column":5}},"18":{"start":{"line":30,"column":18},"end":{"line":30,"column":41}},"19":{"start":{"line":31,"column":25},"end":{"line":31,"column":56}},"20":{"start":{"line":32,"column":6},"end":{"line":32,"column":69}},"21":{"start":{"line":35,"column":6},"end":{"line":43,"column":9}},"22":{"start":{"line":45,"column":4},"end":{"line":45,"column":32}},"23":{"start":{"line":48,"column":2},"end":{"line":48,"column":9}}},"fnMap":{"0":{"name":"(anonymous_0)","decl":{"start":{"line":6,"column":17},"end":{"line":6,"column":18}},"loc":{"start":{"line":6,"column":35},"end":{"line":49,"column":1}},"line":6},"1":{"name":"(anonymous_1)","decl":{"start":{"line":6,"column":35},"end":{"line":6,"column":36}},"loc":{"start":{"line":6,"column":55},"end":{"line":49,"column":1}},"line":6},"2":{"name":"(anonymous_2)","decl":{"start":{"line":13,"column":37},"end":{"line":13,"column":38}},"loc":{"start":{"line":13,"column":42},"end":{"line":13,"column":61}},"line":13},"3":{"name":"(anonymous_3)","decl":{"start":{"line":27,"column":12},"end":{"line":27,"column":13}},"loc":{"start":{"line":27,"column":30},"end":{"line":46,"column":3}},"line":27}},"branchMap":{"0":{"loc":{"start":{"line":8,"column":13},"end":{"line":8,"column":51}},"type":"binary-expr","locations":[{"start":{"line":8,"column":13},"end":{"line":8,"column":19}},{"start":{"line":8,"column":23},"end":{"line":8,"column":51}}],"line":8},"1":{"loc":{"start":{"line":12,"column":21},"end":{"line":12,"column":47}},"type":"binary-expr","locations":[{"start":{"line":12,"column":21},"end":{"line":12,"column":41}},{"start":{"line":12,"column":45},"end":{"line":12,"column":47}}],"line":12},"2":{"loc":{"start":{"line":15,"column":2},"end":{"line":21,"column":3}},"type":"if","locations":[{"start":{"line":15,"column":2},"end":{"line":21,"column":3}},{"start":{},"end":{}}],"line":15},"3":{"loc":{"start":{"line":29,"column":4},"end":{"line":44,"column":5}},"type":"if","locations":[{"start":{"line":29,"column":4},"end":{"line":44,"column":5}},{"start":{},"end":{}}],"line":29},"4":{"loc":{"start":{"line":29,"column":8},"end":{"line":29,"column":73}},"type":"binary-expr","locations":[{"start":{"line":29,"column":8},"end":{"line":29,"column":29}},{"start":{"line":29,"column":33},"end":{"line":29,"column":53}},{"start":{"line":29,"column":57},"end":{"line":29,"column":73}}],"line":29}},"s":{"0":1,"1":1,"2":1,"3":1,"4":1,"5":3,"6":3,"7":3,"8":3,"9":3,"10":3,"11":3,"12":0,"13":3,"14":3,"15":3,"16":3,"17":3,"18":3,"19":3,"20":3,"21":3,"22":3,"23":3},"f":{"0":1,"1":3,"2":3,"3":3},"b":{"0":[3,0],"1":[3,1],"2":[0,3],"3":[3,0],"4":[3,3,3]},"_coverageSchema":"1a1c01bbd47fc00a2c39e90264f33305004495a9","hash":"a2ca0dce603f6c7c9c8adc28036ee92c47ef25f0"}
,"D:\\ExpressJsRestTemplate-main\\Expressjsresttemplate\\routes\\users.js": {"path":"D:\\ExpressJsRestTemplate-main\\Expressjsresttemplate\\routes\\users.js","statementMap":{"0":{"start":{"line":1,"column":16},"end":{"line":1,"column":34}},"1":{"start":{"line":2,"column":15},"end":{"line":2,"column":31}},"2":{"start":{"line":4,"column":13},"end":{"line":4,"column":57}},"3":{"start":{"line":6,"column":0},"end":{"line":8,"column":28}},"4":{"start":{"line":10,"column":0},"end":{"line":12,"column":30}},"5":{"start":{"line":14,"column":0},"end":{"line":14,"column":24}}},"fnMap":{},"branchMap":{},"s":{"0":1,"1":1,"2":1,"3":1,"4":1,"5":1},"f":{},"b":{},"_coverageSchema":"1a1c01bbd47fc00a2c39e90264f33305004495a9","hash":"832decfc4624356edaddd3864b213097dbe9516d"}
,"D:\\ExpressJsRestTemplate-main\\Expressjsresttemplate\\subscribers\\logSubscriber.js": {"path":"D:\\ExpressJsRestTemplate-main\\Expressjsresttemplate\\subscribers\\logSubscriber.js","statementMap":{"0":{"start":{"line":1,"column":11},"end":{"line":1,"column":33}},"1":{"start":{"line":2,"column":13},"end":{"line":2,"column":28}},"2":{"start":{"line":6,"column":4},"end":{"line":6,"column":37}},"3":{"start":{"line":7,"column":4},"end":{"line":7,"column":45}},"4":{"start":{"line":8,"column":4},"end":{"line":8,"column":58}},"5":{"start":{"line":9,"column":4},"end":{"line":9,"column":60}},"6":{"start":{"line":10,"column":4},"end":{"line":10,"column":45}},"7":{"start":{"line":12,"column":4},"end":{"line":12,"column":16}},"8":{"start":{"line":13,"column":4},"end":{"line":13,"column":21}},"9":{"start":{"line":17,"column":4},"end":{"line":17,"column":69}},"10":{"start":{"line":19,"column":4},"end":{"line":25,"column":5}},"11":{"start":{"line":20,"column":6},"end":{"line":24,"column":7}},"12":{"start":{"line":21,"column":8},"end":{"line":21,"column":30}},"13":{"start":{"line":23,"column":8},"end":{"line":23,"column":48}},"14":{"start":{"line":29,"column":4},"end":{"line":34,"column":7}},"15":{"start":{"line":30,"column":6},"end":{"line":32,"column":7}},"16":{"start":{"line":31,"column":8},"end":{"line":31,"column":100}},"17":{"start":{"line":33,"column":6},"end":{"line":33,"column":66}},"18":{"start":{"line":36,"column":4},"end":{"line":41,"column":7}},"19":{"start":{"line":37,"column":6},"end":{"line":39,"column":7}},"20":{"start":{"line":38,"column":8},"end":{"line":38,"column":62}},"21":{"start":{"line":40,"column":6},"end":{"line":40,"column":69}},"22":{"start":{"line":45,"column":4},"end":{"line":66,"column":5}},"23":{"start":{"line":46,"column":17},"end":{"line":46,"column":19}},"24":{"start":{"line":47,"column":6},"end":{"line":56,"column":7}},"25":{"start":{"line":48,"column":24},"end":{"line":48,"column":60}},"26":{"start":{"line":50,"column":8},"end":{"line":50,"column":50}},"27":{"start":{"line":51,"column":8},"end":{"line":51,"column":44}},"28":{"start":{"line":51,"column":34},"end":{"line":51,"column":44}},"29":{"start":{"line":54,"column":8},"end":{"line":54,"column":69}},"30":{"start":{"line":55,"column":8},"end":{"line":55,"column":18}},"31":{"start":{"line":58,"column":6},"end":{"line":58,"column":23}},"32":{"start":{"line":61,"column":6},"end":{"line":61,"column":55}},"33":{"start":{"line":61,"column":30},"end":{"line":61,"column":55}},"34":{"start":{"line":63,"column":6},"end":{"line":63,"column":75}},"35":{"start":{"line":65,"column":6},"end":{"line":65,"column":55}},"36":{"start":{"line":70,"column":0},"end":{"line":70,"column":31}}},"fnMap":{"0":{"name":"(anonymous_0)","decl":{"start":{"line":5,"column":2},"end":{"line":5,"column":3}},"loc":{"start":{"line":5,"column":42},"end":{"line":14,"column":3}},"line":5},"1":{"name":"(anonymous_1)","decl":{"start":{"line":16,"column":2},"end":{"line":16,"column":3}},"loc":{"start":{"line":16,"column":15},"end":{"line":26,"column":3}},"line":16},"2":{"name":"(anonymous_2)","decl":{"start":{"line":17,"column":59},"end":{"line":17,"column":60}},"loc":{"start":{"line":17,"column":65},"end":{"line":17,"column":67}},"line":17},"3":{"name":"(anonymous_3)","decl":{"start":{"line":28,"column":2},"end":{"line":28,"column":3}},"loc":{"start":{"line":28,"column":14},"end":{"line":42,"column":3}},"line":28},"4":{"name":"(anonymous_4)","decl":{"start":{"line":29,"column":45},"end":{"line":29,"column":46}},"loc":{"start":{"line":29,"column":55},"end":{"line":34,"column":5}},"line":29},"5":{"name":"(anonymous_5)","decl":{"start":{"line":36,"column":43},"end":{"line":36,"column":44}},"loc":{"start":{"line":36,"column":53},"end":{"line":41,"column":5}},"line":36},"6":{"name":"(anonymous_6)","decl":{"start":{"line":44,"column":2},"end":{"line":44,"column":3}},"loc":{"start":{"line":44,"column":34},"end":{"line":67,"column":3}},"line":44}},"branchMap":{"0":{"loc":{"start":{"line":5,"column":28},"end":{"line":5,"column":40}},"type":"default-arg","locations":[{"start":{"line":5,"column":38},"end":{"line":5,"column":40}}],"line":5},"1":{"loc":{"start":{"line":7,"column":18},"end":{"line":7,"column":44}},"type":"binary-expr","locations":[{"start":{"line":7,"column":18},"end":{"line":7,"column":32}},{"start":{"line":7,"column":36},"end":{"line":7,"column":44}}],"line":7},"2":{"loc":{"start":{"line":10,"column":21},"end":{"line":10,"column":44}},"type":"binary-expr","locations":[{"start":{"line":10,"column":21},"end":{"line":10,"column":36}},{"start":{"line":10,"column":40},"end":{"line":10,"column":44}}],"line":10},"3":{"loc":{"start":{"line":30,"column":6},"end":{"line":32,"column":7}},"type":"if","locations":[{"start":{"line":30,"column":6},"end":{"line":32,"column":7}},{"start":{},"end":{}}],"line":30},"4":{"loc":{"start":{"line":37,"column":6},"end":{"line":39,"column":7}},"type":"if","locations":[{"start":{"line":37,"column":6},"end":{"line":39,"column":7}},{"start":{},"end":{}}],"line":37},"5":{"loc":{"start":{"line":50,"column":26},"end":{"line":50,"column":48}},"type":"binary-expr","locations":[{"start":{"line":50,"column":26},"end":{"line":50,"column":40}},{"start":{"line":50,"column":44},"end":{"line":50,"column":48}}],"line":50},"6":{"loc":{"start":{"line":51,"column":8},"end":{"line":51,"column":44}},"type":"if","locations":[{"start":{"line":51,"column":8},"end":{"line":51,"column":44}},{"start":{},"end":{}}],"line":51},"7":{"loc":{"start":{"line":61,"column":6},"end":{"line":61,"column":55}},"type":"if","locations":[{"start":{"line":61,"column":6},"end":{"line":61,"column":55}},{"start":{},"end":{}}],"line":61}},"s":{"0":1,"1":1,"2":1,"3":1,"4":1,"5":1,"6":1,"7":1,"8":1,"9":1,"10":1,"11":2,"12":2,"13":0,"14":1,"15":3,"16":3,"17":3,"18":1,"19":3,"20":3,"21":3,"22":6,"23":6,"24":6,"25":6,"26":3,"27":3,"28":0,"29":0,"30":0,"31":3,"32":3,"33":0,"34":3,"35":0,"36":1},"f":{"0":1,"1":1,"2":0,"3":1,"4":3,"5":3,"6":6},"b":{"0":[1],"1":[1,1],"2":[1,1],"3":[3,0],"4":[3,0],"5":[3,1],"6":[0,3],"7":[0,3]},"_coverageSchema":"1a1c01bbd47fc00a2c39e90264f33305004495a9","hash":"1d74af958bb345f38a340668f5f56230b3235ea3"}
}
